Determining if the Q_WS_WIN exist failed with the following output:
Change Dir: /home/carmen/robocomp/components/GrupoAC/practica4/CMakeFiles/CMakeTmp

Run Build Command:"/usr/bin/make" "cmTC_fde07/fast"
/usr/bin/make -f CMakeFiles/cmTC_fde07.dir/build.make CMakeFiles/cmTC_fde07.dir/build
make[1]: se entra en el directorio '/home/carmen/robocomp/components/GrupoAC/practica4/CMakeFiles/CMakeTmp'
Building CXX object CMakeFiles/cmTC_fde07.dir/CheckSymbolExists.cxx.o
/usr/bin/c++   -I/usr/include/qt4   -o CMakeFiles/cmTC_fde07.dir/CheckSymbolExists.cxx.o -c /home/carmen/robocomp/components/GrupoAC/practica4/CMakeFiles/CMakeTmp/CheckSymbolExists.cxx
/home/carmen/robocomp/components/GrupoAC/practica4/CMakeFiles/CMakeTmp/CheckSymbolExists.cxx: In function ‘int main(int, char**)’:
/home/carmen/robocomp/components/GrupoAC/practica4/CMakeFiles/CMakeTmp/CheckSymbolExists.cxx:8:19: error: ‘Q_WS_WIN’ was not declared in this scope
   return ((int*)(&Q_WS_WIN))[argc];
                   ^~~~~~~~
/home/carmen/robocomp/components/GrupoAC/practica4/CMakeFiles/CMakeTmp/CheckSymbolExists.cxx:8:19: note: suggested alternative: ‘Q_WS_X11’
   return ((int*)(&Q_WS_WIN))[argc];
                   ^~~~~~~~
                   Q_WS_X11
CMakeFiles/cmTC_fde07.dir/build.make:65: recipe for target 'CMakeFiles/cmTC_fde07.dir/CheckSymbolExists.cxx.o' failed
make[1]: *** [CMakeFiles/cmTC_fde07.dir/CheckSymbolExists.cxx.o] Error 1
make[1]: se sale del directorio '/home/carmen/robocomp/components/GrupoAC/practica4/CMakeFiles/CMakeTmp'
Makefile:126: recipe for target 'cmTC_fde07/fast' failed
make: *** [cmTC_fde07/fast] Error 2

File /home/carmen/robocomp/components/GrupoAC/practica4/CMakeFiles/CMakeTmp/CheckSymbolExists.cxx:
/* */
#include <QtCore/qglobal.h>

int main(int argc, char** argv)
{
  (void)argv;
#ifndef Q_WS_WIN
  return ((int*)(&Q_WS_WIN))[argc];
#else
  (void)argc;
  return 0;
#endif
}

Determining if the Q_WS_QWS exist failed with the following output:
Change Dir: /home/carmen/robocomp/components/GrupoAC/practica4/CMakeFiles/CMakeTmp

Run Build Command:"/usr/bin/make" "cmTC_f63e1/fast"
/usr/bin/make -f CMakeFiles/cmTC_f63e1.dir/build.make CMakeFiles/cmTC_f63e1.dir/build
make[1]: se entra en el directorio '/home/carmen/robocomp/components/GrupoAC/practica4/CMakeFiles/CMakeTmp'
Building CXX object CMakeFiles/cmTC_f63e1.dir/CheckSymbolExists.cxx.o
/usr/bin/c++   -I/usr/include/qt4   -o CMakeFiles/cmTC_f63e1.dir/CheckSymbolExists.cxx.o -c /home/carmen/robocomp/components/GrupoAC/practica4/CMakeFiles/CMakeTmp/CheckSymbolExists.cxx
/home/carmen/robocomp/components/GrupoAC/practica4/CMakeFiles/CMakeTmp/CheckSymbolExists.cxx: In function ‘int main(int, char**)’:
/home/carmen/robocomp/components/GrupoAC/practica4/CMakeFiles/CMakeTmp/CheckSymbolExists.cxx:8:19: error: ‘Q_WS_QWS’ was not declared in this scope
   return ((int*)(&Q_WS_QWS))[argc];
                   ^~~~~~~~
/home/carmen/robocomp/components/GrupoAC/practica4/CMakeFiles/CMakeTmp/CheckSymbolExists.cxx:8:19: note: suggested alternative: ‘Q_WS_X11’
   return ((int*)(&Q_WS_QWS))[argc];
                   ^~~~~~~~
                   Q_WS_X11
CMakeFiles/cmTC_f63e1.dir/build.make:65: recipe for target 'CMakeFiles/cmTC_f63e1.dir/CheckSymbolExists.cxx.o' failed
make[1]: *** [CMakeFiles/cmTC_f63e1.dir/CheckSymbolExists.cxx.o] Error 1
make[1]: se sale del directorio '/home/carmen/robocomp/components/GrupoAC/practica4/CMakeFiles/CMakeTmp'
Makefile:126: recipe for target 'cmTC_f63e1/fast' failed
make: *** [cmTC_f63e1/fast] Error 2

File /home/carmen/robocomp/components/GrupoAC/practica4/CMakeFiles/CMakeTmp/CheckSymbolExists.cxx:
/* */
#include <QtCore/qglobal.h>

int main(int argc, char** argv)
{
  (void)argv;
#ifndef Q_WS_QWS
  return ((int*)(&Q_WS_QWS))[argc];
#else
  (void)argc;
  return 0;
#endif
}

Determining if the Q_WS_MAC exist failed with the following output:
Change Dir: /home/carmen/robocomp/components/GrupoAC/practica4/CMakeFiles/CMakeTmp

Run Build Command:"/usr/bin/make" "cmTC_0e725/fast"
/usr/bin/make -f CMakeFiles/cmTC_0e725.dir/build.make CMakeFiles/cmTC_0e725.dir/build
make[1]: se entra en el directorio '/home/carmen/robocomp/components/GrupoAC/practica4/CMakeFiles/CMakeTmp'
Building CXX object CMakeFiles/cmTC_0e725.dir/CheckSymbolExists.cxx.o
/usr/bin/c++   -I/usr/include/qt4   -o CMakeFiles/cmTC_0e725.dir/CheckSymbolExists.cxx.o -c /home/carmen/robocomp/components/GrupoAC/practica4/CMakeFiles/CMakeTmp/CheckSymbolExists.cxx
/home/carmen/robocomp/components/GrupoAC/practica4/CMakeFiles/CMakeTmp/CheckSymbolExists.cxx: In function ‘int main(int, char**)’:
/home/carmen/robocomp/components/GrupoAC/practica4/CMakeFiles/CMakeTmp/CheckSymbolExists.cxx:8:19: error: ‘Q_WS_MAC’ was not declared in this scope
   return ((int*)(&Q_WS_MAC))[argc];
                   ^~~~~~~~
/home/carmen/robocomp/components/GrupoAC/practica4/CMakeFiles/CMakeTmp/CheckSymbolExists.cxx:8:19: note: suggested alternative: ‘Q_WS_X11’
   return ((int*)(&Q_WS_MAC))[argc];
                   ^~~~~~~~
                   Q_WS_X11
CMakeFiles/cmTC_0e725.dir/build.make:65: recipe for target 'CMakeFiles/cmTC_0e725.dir/CheckSymbolExists.cxx.o' failed
make[1]: *** [CMakeFiles/cmTC_0e725.dir/CheckSymbolExists.cxx.o] Error 1
make[1]: se sale del directorio '/home/carmen/robocomp/components/GrupoAC/practica4/CMakeFiles/CMakeTmp'
Makefile:126: recipe for target 'cmTC_0e725/fast' failed
make: *** [cmTC_0e725/fast] Error 2

File /home/carmen/robocomp/components/GrupoAC/practica4/CMakeFiles/CMakeTmp/CheckSymbolExists.cxx:
/* */
#include <QtCore/qglobal.h>

int main(int argc, char** argv)
{
  (void)argv;
#ifndef Q_WS_MAC
  return ((int*)(&Q_WS_MAC))[argc];
#else
  (void)argc;
  return 0;
#endif
}

Determining if the pthread_create exist failed with the following output:
Change Dir: /home/carmen/robocomp/components/GrupoAC/practica4/CMakeFiles/CMakeTmp

Run Build Command:"/usr/bin/make" "cmTC_85002/fast"
/usr/bin/make -f CMakeFiles/cmTC_85002.dir/build.make CMakeFiles/cmTC_85002.dir/build
make[1]: se entra en el directorio '/home/carmen/robocomp/components/GrupoAC/practica4/CMakeFiles/CMakeTmp'
Building C object CMakeFiles/cmTC_85002.dir/CheckSymbolExists.c.o
/usr/bin/cc    -o CMakeFiles/cmTC_85002.dir/CheckSymbolExists.c.o   -c /home/carmen/robocomp/components/GrupoAC/practica4/CMakeFiles/CMakeTmp/CheckSymbolExists.c
Linking C executable cmTC_85002
/usr/bin/cmake -E cmake_link_script CMakeFiles/cmTC_85002.dir/link.txt --verbose=1
/usr/bin/cc      -rdynamic CMakeFiles/cmTC_85002.dir/CheckSymbolExists.c.o  -o cmTC_85002 
CMakeFiles/cmTC_85002.dir/CheckSymbolExists.c.o: En la función `main':
CheckSymbolExists.c:(.text+0x1b): referencia a `pthread_create' sin definir
collect2: error: ld returned 1 exit status
CMakeFiles/cmTC_85002.dir/build.make:97: recipe for target 'cmTC_85002' failed
make[1]: *** [cmTC_85002] Error 1
make[1]: se sale del directorio '/home/carmen/robocomp/components/GrupoAC/practica4/CMakeFiles/CMakeTmp'
Makefile:126: recipe for target 'cmTC_85002/fast' failed
make: *** [cmTC_85002/fast] Error 2

File /home/carmen/robocomp/components/GrupoAC/practica4/CMakeFiles/CMakeTmp/CheckSymbolExists.c:
/* */
#include <pthread.h>

int main(int argc, char** argv)
{
  (void)argv;
#ifndef pthread_create
  return ((int*)(&pthread_create))[argc];
#else
  (void)argc;
  return 0;
#endif
}

Determining if the function pthread_create exists in the pthreads failed with the following output:
Change Dir: /home/carmen/robocomp/components/GrupoAC/practica4/CMakeFiles/CMakeTmp

Run Build Command:"/usr/bin/make" "cmTC_2a960/fast"
/usr/bin/make -f CMakeFiles/cmTC_2a960.dir/build.make CMakeFiles/cmTC_2a960.dir/build
make[1]: se entra en el directorio '/home/carmen/robocomp/components/GrupoAC/practica4/CMakeFiles/CMakeTmp'
Building C object CMakeFiles/cmTC_2a960.dir/CheckFunctionExists.c.o
/usr/bin/cc   -DCHECK_FUNCTION_EXISTS=pthread_create   -o CMakeFiles/cmTC_2a960.dir/CheckFunctionExists.c.o   -c /usr/share/cmake-3.10/Modules/CheckFunctionExists.c
Linking C executable cmTC_2a960
/usr/bin/cmake -E cmake_link_script CMakeFiles/cmTC_2a960.dir/link.txt --verbose=1
/usr/bin/cc  -DCHECK_FUNCTION_EXISTS=pthread_create    -rdynamic CMakeFiles/cmTC_2a960.dir/CheckFunctionExists.c.o  -o cmTC_2a960 -lpthreads 
/usr/bin/x86_64-linux-gnu-ld: no se puede encontrar -lpthreads
collect2: error: ld returned 1 exit status
CMakeFiles/cmTC_2a960.dir/build.make:97: recipe for target 'cmTC_2a960' failed
make[1]: *** [cmTC_2a960] Error 1
make[1]: se sale del directorio '/home/carmen/robocomp/components/GrupoAC/practica4/CMakeFiles/CMakeTmp'
Makefile:126: recipe for target 'cmTC_2a960/fast' failed
make: *** [cmTC_2a960/fast] Error 2


