Determining if the Q_WS_WIN exist failed with the following output:
Change Dir: /home/carmen/robocomp/components/GrupoAC/practica3/build/CMakeFiles/CMakeTmp

Run Build Command:"/usr/bin/make" "cmTC_06b8c/fast"
/usr/bin/make -f CMakeFiles/cmTC_06b8c.dir/build.make CMakeFiles/cmTC_06b8c.dir/build
make[1]: se entra en el directorio '/home/carmen/robocomp/components/GrupoAC/practica3/build/CMakeFiles/CMakeTmp'
Building CXX object CMakeFiles/cmTC_06b8c.dir/CheckSymbolExists.cxx.o
/usr/bin/c++   -I/usr/include/qt4   -o CMakeFiles/cmTC_06b8c.dir/CheckSymbolExists.cxx.o -c /home/carmen/robocomp/components/GrupoAC/practica3/build/CMakeFiles/CMakeTmp/CheckSymbolExists.cxx
/home/carmen/robocomp/components/GrupoAC/practica3/build/CMakeFiles/CMakeTmp/CheckSymbolExists.cxx: In function ‘int main(int, char**)’:
/home/carmen/robocomp/components/GrupoAC/practica3/build/CMakeFiles/CMakeTmp/CheckSymbolExists.cxx:8:19: error: ‘Q_WS_WIN’ was not declared in this scope
   return ((int*)(&Q_WS_WIN))[argc];
                   ^~~~~~~~
/home/carmen/robocomp/components/GrupoAC/practica3/build/CMakeFiles/CMakeTmp/CheckSymbolExists.cxx:8:19: note: suggested alternative: ‘Q_WS_X11’
   return ((int*)(&Q_WS_WIN))[argc];
                   ^~~~~~~~
                   Q_WS_X11
CMakeFiles/cmTC_06b8c.dir/build.make:65: recipe for target 'CMakeFiles/cmTC_06b8c.dir/CheckSymbolExists.cxx.o' failed
make[1]: *** [CMakeFiles/cmTC_06b8c.dir/CheckSymbolExists.cxx.o] Error 1
make[1]: se sale del directorio '/home/carmen/robocomp/components/GrupoAC/practica3/build/CMakeFiles/CMakeTmp'
Makefile:126: recipe for target 'cmTC_06b8c/fast' failed
make: *** [cmTC_06b8c/fast] Error 2

File /home/carmen/robocomp/components/GrupoAC/practica3/build/CMakeFiles/CMakeTmp/CheckSymbolExists.cxx:
/* */
#include <QtCore/qglobal.h>

int main(int argc, char** argv)
{
  (void)argv;
#ifndef Q_WS_WIN
  return ((int*)(&Q_WS_WIN))[argc];
#else
  (void)argc;
  return 0;
#endif
}

Determining if the Q_WS_QWS exist failed with the following output:
Change Dir: /home/carmen/robocomp/components/GrupoAC/practica3/build/CMakeFiles/CMakeTmp

Run Build Command:"/usr/bin/make" "cmTC_9f959/fast"
/usr/bin/make -f CMakeFiles/cmTC_9f959.dir/build.make CMakeFiles/cmTC_9f959.dir/build
make[1]: se entra en el directorio '/home/carmen/robocomp/components/GrupoAC/practica3/build/CMakeFiles/CMakeTmp'
Building CXX object CMakeFiles/cmTC_9f959.dir/CheckSymbolExists.cxx.o
/usr/bin/c++   -I/usr/include/qt4   -o CMakeFiles/cmTC_9f959.dir/CheckSymbolExists.cxx.o -c /home/carmen/robocomp/components/GrupoAC/practica3/build/CMakeFiles/CMakeTmp/CheckSymbolExists.cxx
/home/carmen/robocomp/components/GrupoAC/practica3/build/CMakeFiles/CMakeTmp/CheckSymbolExists.cxx: In function ‘int main(int, char**)’:
/home/carmen/robocomp/components/GrupoAC/practica3/build/CMakeFiles/CMakeTmp/CheckSymbolExists.cxx:8:19: error: ‘Q_WS_QWS’ was not declared in this scope
   return ((int*)(&Q_WS_QWS))[argc];
                   ^~~~~~~~
/home/carmen/robocomp/components/GrupoAC/practica3/build/CMakeFiles/CMakeTmp/CheckSymbolExists.cxx:8:19: note: suggested alternative: ‘Q_WS_X11’
   return ((int*)(&Q_WS_QWS))[argc];
                   ^~~~~~~~
                   Q_WS_X11
CMakeFiles/cmTC_9f959.dir/build.make:65: recipe for target 'CMakeFiles/cmTC_9f959.dir/CheckSymbolExists.cxx.o' failed
make[1]: *** [CMakeFiles/cmTC_9f959.dir/CheckSymbolExists.cxx.o] Error 1
make[1]: se sale del directorio '/home/carmen/robocomp/components/GrupoAC/practica3/build/CMakeFiles/CMakeTmp'
Makefile:126: recipe for target 'cmTC_9f959/fast' failed
make: *** [cmTC_9f959/fast] Error 2

File /home/carmen/robocomp/components/GrupoAC/practica3/build/CMakeFiles/CMakeTmp/CheckSymbolExists.cxx:
/* */
#include <QtCore/qglobal.h>

int main(int argc, char** argv)
{
  (void)argv;
#ifndef Q_WS_QWS
  return ((int*)(&Q_WS_QWS))[argc];
#else
  (void)argc;
  return 0;
#endif
}

Determining if the Q_WS_MAC exist failed with the following output:
Change Dir: /home/carmen/robocomp/components/GrupoAC/practica3/build/CMakeFiles/CMakeTmp

Run Build Command:"/usr/bin/make" "cmTC_e7fea/fast"
/usr/bin/make -f CMakeFiles/cmTC_e7fea.dir/build.make CMakeFiles/cmTC_e7fea.dir/build
make[1]: se entra en el directorio '/home/carmen/robocomp/components/GrupoAC/practica3/build/CMakeFiles/CMakeTmp'
Building CXX object CMakeFiles/cmTC_e7fea.dir/CheckSymbolExists.cxx.o
/usr/bin/c++   -I/usr/include/qt4   -o CMakeFiles/cmTC_e7fea.dir/CheckSymbolExists.cxx.o -c /home/carmen/robocomp/components/GrupoAC/practica3/build/CMakeFiles/CMakeTmp/CheckSymbolExists.cxx
/home/carmen/robocomp/components/GrupoAC/practica3/build/CMakeFiles/CMakeTmp/CheckSymbolExists.cxx: In function ‘int main(int, char**)’:
/home/carmen/robocomp/components/GrupoAC/practica3/build/CMakeFiles/CMakeTmp/CheckSymbolExists.cxx:8:19: error: ‘Q_WS_MAC’ was not declared in this scope
   return ((int*)(&Q_WS_MAC))[argc];
                   ^~~~~~~~
/home/carmen/robocomp/components/GrupoAC/practica3/build/CMakeFiles/CMakeTmp/CheckSymbolExists.cxx:8:19: note: suggested alternative: ‘Q_WS_X11’
   return ((int*)(&Q_WS_MAC))[argc];
                   ^~~~~~~~
                   Q_WS_X11
CMakeFiles/cmTC_e7fea.dir/build.make:65: recipe for target 'CMakeFiles/cmTC_e7fea.dir/CheckSymbolExists.cxx.o' failed
make[1]: *** [CMakeFiles/cmTC_e7fea.dir/CheckSymbolExists.cxx.o] Error 1
make[1]: se sale del directorio '/home/carmen/robocomp/components/GrupoAC/practica3/build/CMakeFiles/CMakeTmp'
Makefile:126: recipe for target 'cmTC_e7fea/fast' failed
make: *** [cmTC_e7fea/fast] Error 2

File /home/carmen/robocomp/components/GrupoAC/practica3/build/CMakeFiles/CMakeTmp/CheckSymbolExists.cxx:
/* */
#include <QtCore/qglobal.h>

int main(int argc, char** argv)
{
  (void)argv;
#ifndef Q_WS_MAC
  return ((int*)(&Q_WS_MAC))[argc];
#else
  (void)argc;
  return 0;
#endif
}

Determining if the pthread_create exist failed with the following output:
Change Dir: /home/carmen/robocomp/components/GrupoAC/practica3/build/CMakeFiles/CMakeTmp

Run Build Command:"/usr/bin/make" "cmTC_7e51a/fast"
/usr/bin/make -f CMakeFiles/cmTC_7e51a.dir/build.make CMakeFiles/cmTC_7e51a.dir/build
make[1]: se entra en el directorio '/home/carmen/robocomp/components/GrupoAC/practica3/build/CMakeFiles/CMakeTmp'
Building C object CMakeFiles/cmTC_7e51a.dir/CheckSymbolExists.c.o
/usr/bin/cc    -o CMakeFiles/cmTC_7e51a.dir/CheckSymbolExists.c.o   -c /home/carmen/robocomp/components/GrupoAC/practica3/build/CMakeFiles/CMakeTmp/CheckSymbolExists.c
Linking C executable cmTC_7e51a
/usr/bin/cmake -E cmake_link_script CMakeFiles/cmTC_7e51a.dir/link.txt --verbose=1
/usr/bin/cc      -rdynamic CMakeFiles/cmTC_7e51a.dir/CheckSymbolExists.c.o  -o cmTC_7e51a 
CMakeFiles/cmTC_7e51a.dir/CheckSymbolExists.c.o: En la función `main':
CheckSymbolExists.c:(.text+0x1b): referencia a `pthread_create' sin definir
collect2: error: ld returned 1 exit status
CMakeFiles/cmTC_7e51a.dir/build.make:97: recipe for target 'cmTC_7e51a' failed
make[1]: *** [cmTC_7e51a] Error 1
make[1]: se sale del directorio '/home/carmen/robocomp/components/GrupoAC/practica3/build/CMakeFiles/CMakeTmp'
Makefile:126: recipe for target 'cmTC_7e51a/fast' failed
make: *** [cmTC_7e51a/fast] Error 2

File /home/carmen/robocomp/components/GrupoAC/practica3/build/CMakeFiles/CMakeTmp/CheckSymbolExists.c:
/* */
#include <pthread.h>

int main(int argc, char** argv)
{
  (void)argv;
#ifndef pthread_create
  return ((int*)(&pthread_create))[argc];
#else
  (void)argc;
  return 0;
#endif
}

Determining if the function pthread_create exists in the pthreads failed with the following output:
Change Dir: /home/carmen/robocomp/components/GrupoAC/practica3/build/CMakeFiles/CMakeTmp

Run Build Command:"/usr/bin/make" "cmTC_8bbaa/fast"
/usr/bin/make -f CMakeFiles/cmTC_8bbaa.dir/build.make CMakeFiles/cmTC_8bbaa.dir/build
make[1]: se entra en el directorio '/home/carmen/robocomp/components/GrupoAC/practica3/build/CMakeFiles/CMakeTmp'
Building C object CMakeFiles/cmTC_8bbaa.dir/CheckFunctionExists.c.o
/usr/bin/cc   -DCHECK_FUNCTION_EXISTS=pthread_create   -o CMakeFiles/cmTC_8bbaa.dir/CheckFunctionExists.c.o   -c /usr/share/cmake-3.10/Modules/CheckFunctionExists.c
Linking C executable cmTC_8bbaa
/usr/bin/cmake -E cmake_link_script CMakeFiles/cmTC_8bbaa.dir/link.txt --verbose=1
/usr/bin/cc  -DCHECK_FUNCTION_EXISTS=pthread_create    -rdynamic CMakeFiles/cmTC_8bbaa.dir/CheckFunctionExists.c.o  -o cmTC_8bbaa -lpthreads 
/usr/bin/x86_64-linux-gnu-ld: no se puede encontrar -lpthreads
collect2: error: ld returned 1 exit status
CMakeFiles/cmTC_8bbaa.dir/build.make:97: recipe for target 'cmTC_8bbaa' failed
make[1]: *** [cmTC_8bbaa] Error 1
make[1]: se sale del directorio '/home/carmen/robocomp/components/GrupoAC/practica3/build/CMakeFiles/CMakeTmp'
Makefile:126: recipe for target 'cmTC_8bbaa/fast' failed
make: *** [cmTC_8bbaa/fast] Error 2


